<?xml version="1.0" encoding="UTF-8"?>
<!-- Generated by org.testng.reporters.JUnitReportReporter -->
<testsuite skipped="0" hostname="DESKTOP-8BV8858" name="GraphApi.Selenium" tests="9" failures="0" timestamp="11 nov 2018 19:07:14 GMT" time="100.579" errors="0">
  <testcase name="FacebookAuthentication" time="0.172" classname="GraphApi.Selenium"/>
  <testcase name="LoginWithInvalidEmail" time="13.248" classname="GraphApi.Selenium"/>
  <testcase name="PostTimeLine" time="0.669" classname="GraphApi.Selenium"/>
  <testcase name="LoginWithInvalid__password" time="13.830" classname="GraphApi.Selenium"/>
  <testcase name="ExtendsToken" time="1.389" classname="GraphApi.Selenium"/>
  <testcase name="LoginWithInvalid_passwordAndUser" time="20.760" classname="GraphApi.Selenium"/>
  <testcase name="LoginWithaAllBlankFields" time="12.190" classname="GraphApi.Selenium"/>
  <testcase name="LoginWithoutEmail" time="13.570" classname="GraphApi.Selenium"/>
  <testcase name="LoginWithout_password" time="24.751" classname="GraphApi.Selenium"/>
</testsuite> <!-- GraphApi.Selenium -->
